<?xml version="1.0" encoding="UTF-8"?>
<testng-results ignored="0" total="1" passed="1" failed="0" skipped="0">
  <reporter-output>
  </reporter-output>
  <suite started-at="2023-06-23T17:22:14 EEST" name="Default suite" finished-at="2023-06-23T17:22:15 EEST" duration-ms="1102">
    <groups>
    </groups>
    <test started-at="2023-06-23T17:22:14 EEST" name="Default test" finished-at="2023-06-23T17:22:15 EEST" duration-ms="1102">
      <class name="curs13.AssertionExemple">
        <test-method signature="checkEquality()[pri:0, instance:curs13.AssertionExemple@576d5deb]" started-at="2023-06-23T17:22:15 EEST" name="checkEquality" finished-at="2023-06-23T17:22:15 EEST" duration-ms="108" status="PASS">
          <reporter-output>
          </reporter-output>
        </test-method> <!-- checkEquality -->
      </class> <!-- curs13.AssertionExemple -->
    </test> <!-- Default test -->
  </suite> <!-- Default suite -->
</testng-results>
